<?xml version="1.0" encoding="UTF-8"?>
<!-- Generated by org.testng.reporters.JUnitXMLReporter -->
<testsuite hostname="AKHILESG-IN" name="Default test" tests="3" failures="0" timestamp="23 Aug 2020 14:24:41 GMT" time="83.787" errors="0">
  <testcase name="doLoginTest" time="32.073" classname="DataProviderDemo.DataProviderDemo"/>
  <testcase name="doLoginTest" time="18.415" classname="DataProviderDemo.DataProviderDemo"/>
  <testcase name="doLoginTest" time="23.84" classname="DataProviderDemo.DataProviderDemo"/>
</testsuite> <!-- Default test -->
